<?xml version="1.0" encoding="utf-16"?>
<ShowPlanXML xmlns:xsi="http://www.w3.org/2001/XMLSchema-instance" xmlns:xsd="http://www.w3.org/2001/XMLSchema" Version="1.1" Build="10.0.1600.22" xmlns="http://schemas.microsoft.com/sqlserver/2004/07/showplan">
  <BatchSequence>
    <Batch>
      <Statements>
        <StmtSimple StatementCompId="1" StatementEstRows="62829.6" StatementId="1" StatementOptmLevel="FULL" StatementSubTreeCost="53.3751" StatementText="   update CartasDePorte&#xD;&#xA;   set AgrupadorDeTandaPeriodos=5123&#xD;&#xA;FROM    CartasDePorte CDP           LEFT OUTER JOIN Clientes CLIVEN ON CDP.Vendedor = CLIVEN.IdCliente        LEFT OUTER JOIN Clientes CLICO1 ON CDP.CuentaOrden1 = CLICO1.IdCliente        LEFT OUTER JOIN Clientes CLICO2 ON CDP.CuentaOrden2 = CLICO2.IdCliente        LEFT OUTER JOIN Clientes CLIAUX ON CDP.IdClienteAuxiliar= CLIAUX.IdCliente        LEFT OUTER JOIN Clientes CLIENTREG ON CDP.IdClienteEntregador= CLIENTREG.IdCliente        LEFT OUTER JOIN Vendedores CLICOR ON CDP.Corredor = CLICOR.IdVendedor        LEFT OUTER JOIN Clientes CLIENT ON CDP.Entregador = CLIENT.IdCliente         LEFT OUTER JOIN Clientes CLISC1 ON CDP.Subcontr1 = CLISC1.IdCliente          LEFT OUTER JOIN Clientes CLISC2 ON CDP.Subcontr2 = CLISC2.IdCliente          LEFT OUTER JOIN Articulos ON CDP.IdArticulo = Articulos.IdArticulo           LEFT OUTER JOIN Calidades ON CDP.CalidadDe = Calidades.IdCalidad            LEFT OUTER JOIN Transportistas ON CDP.IdTransportista = Transportistas.IdTransportista 			LEFT OUTER JOIN Choferes ON CDP.IdChofer = Choferes.IdChofer            LEFT OUTER JOIN Localidades LOCORI ON CDP.Procedencia = LOCORI.IdLocalidad            LEFT OUTER JOIN Provincias PROVORI ON LOCORI.IdProvincia = PROVORI.IdProvincia            LEFT OUTER JOIN WilliamsDestinos LOCDES ON CDP.Destino = LOCDES.IdWilliamsDestino            LEFT OUTER JOIN CDPEstablecimientos ESTAB ON CDP.IdEstablecimiento = ESTAB.IdEstablecimiento             LEFT OUTER JOIN Facturas FAC ON CDP.idFacturaImputada = FAC.IdFactura             LEFT OUTER JOIN Clientes CLIFAC ON CLIFAC.IdCliente = FAC.IdCliente   LEFT OUTER JOIN Empleados E1 ON CDP.IdUsuarioIngreso = E1.IdEmpleado &#xD;&#xA;   WHERE 1=1              &#xD;&#xA;     AND NOT (Vendedor IS NULL OR Corredor IS NULL OR Entregador IS NULL OR CDP.IdArticulo IS NULL) &#xD;&#xA;   AND ISNULL(NetoProc,0)&gt;0 AND ISNULL(CDP.Anulada,'NO')&lt;&gt;'SI'    &#xD;&#xA;   AND isnull(isnull(FechaDescarga, FechaArribo),'1/1/1753') &gt;= '20130101'     &#xD;&#xA;   AND isnull(isnull(FechaDescarga, FechaArribo),'1/1/1753') &lt;= '20130530'  &#xD;&#xA;   AND ISNULL(CDP.SubnumeroDeFacturacion, 0) &lt;= 0  &#xD;&#xA;   AND NOT (Vendedor IS NULL OR Corredor IS NULL OR Entregador IS NULL OR CDP.IdArticulo IS NULL) &#xD;&#xA;   AND ISNULL(NetoProc,0)&gt;0 AND ISNULL(CDP.Anulada,'NO')&lt;&gt;'SI'" StatementType="UPDATE" QueryHash="0x1316C692848FE100" QueryPlanHash="0x6C2A786AEB43D5CC">
          <StatementSetOptions ANSI_NULLS="true" ANSI_PADDING="true" ANSI_WARNINGS="true" ARITHABORT="true" CONCAT_NULL_YIELDS_NULL="true" NUMERIC_ROUNDABORT="false" QUOTED_IDENTIFIER="true" />
          <QueryPlan CachedPlanSize="152" CompileTime="1136" CompileCPU="874" CompileMemory="2536">
            <MissingIndexes>
              <MissingIndexGroup Impact="19.8504">
                <MissingIndex Database="[wDemoWilliams]" Schema="[dbo]" Table="[CartasDePorte]">
                  <ColumnGroup Usage="INEQUALITY">
                    <Column Name="[Vendedor]" ColumnId="10" />
                    <Column Name="[Corredor]" ColumnId="13" />
                    <Column Name="[Entregador]" ColumnId="14" />
                    <Column Name="[IdArticulo]" ColumnId="17" />
                  </ColumnGroup>
                  <ColumnGroup Usage="INCLUDE">
                    <Column Name="[IdCartaDePorte]" ColumnId="1" />
                    <Column Name="[Anulada]" ColumnId="5" />
                    <Column Name="[NetoProc]" ColumnId="24" />
                    <Column Name="[FechaDescarga]" ColumnId="49" />
                    <Column Name="[FechaArribo]" ColumnId="86" />
                    <Column Name="[SubnumeroDeFacturacion]" ColumnId="100" />
                    <Column Name="[AgrupadorDeTandaPeriodos]" ColumnId="117" />
                  </ColumnGroup>
                </MissingIndex>
              </MissingIndexGroup>
            </MissingIndexes>
            <RelOp AvgRowSize="9" EstimateCPU="0.125659" EstimateIO="0" EstimateRebinds="0" EstimateRewinds="0" EstimateRows="62829.6" LogicalOp="Sequence" NodeId="1" Parallel="false" PhysicalOp="Sequence" EstimatedTotalSubtreeCost="53.3751">
              <OutputList />
              <Sequence>
                <RelOp AvgRowSize="9" EstimateCPU="0.0628296" EstimateIO="1.03918" EstimateRebinds="0" EstimateRewinds="0" EstimateRows="62829.6" LogicalOp="Update" NodeId="2" Parallel="false" PhysicalOp="Index Update" EstimatedTotalSubtreeCost="26.6305">
                  <OutputList />
                  <Update WithOrderedPrefetch="true" DMLRequestSort="true">
                    <Object Database="[wDemoWilliams]" Schema="[dbo]" Table="[CartasDePorte]" Index="[IDX_cartasdeporte_AgrupadorDeTandaPeriodos]" IndexKind="NonClustered" />
                    <SetPredicate>
                      <ScalarOperator ScalarString="[IdCartaDePorte1079] = [wDemoWilliams].[dbo].[CartasDePorte].[IdCartaDePorte],[AgrupadorDeTandaPeriodos1080] = [wDemoWilliams].[dbo].[CartasDePorte].[AgrupadorDeTandaPeriodos]">
                        <ScalarExpressionList>
                          <ScalarOperator>
                            <MultipleAssign>
                              <Assign>
                                <ColumnReference Column="IdCartaDePorte1079" />
                                <ScalarOperator>
                                  <Identifier>
                                    <ColumnReference Database="[wDemoWilliams]" Schema="[dbo]" Table="[CartasDePorte]" Column="IdCartaDePorte" />
                                  </Identifier>
                                </ScalarOperator>
                              </Assign>
                              <Assign>
                                <ColumnReference Column="AgrupadorDeTandaPeriodos1080" />
                                <ScalarOperator>
                                  <Identifier>
                                    <ColumnReference Database="[wDemoWilliams]" Schema="[dbo]" Table="[CartasDePorte]" Column="AgrupadorDeTandaPeriodos" />
                                  </Identifier>
                                </ScalarOperator>
                              </Assign>
                            </MultipleAssign>
                          </ScalarOperator>
                        </ScalarExpressionList>
                      </ScalarOperator>
                    </SetPredicate>
                    <ActionColumn>
                      <ColumnReference Column="Act1078" />
                    </ActionColumn>
                    <RelOp AvgRowSize="19" EstimateCPU="4.59676" EstimateIO="0.0112613" EstimateRebinds="0" EstimateRewinds="0" EstimateRows="62829.6" LogicalOp="Sort" NodeId="4" Parallel="false" PhysicalOp="Sort" EstimatedTotalSubtreeCost="25.5285">
                      <OutputList>
                        <ColumnReference Database="[wDemoWilliams]" Schema="[dbo]" Table="[CartasDePorte]" Column="IdCartaDePorte" />
                        <ColumnReference Database="[wDemoWilliams]" Schema="[dbo]" Table="[CartasDePorte]" Column="AgrupadorDeTandaPeriodos" />
                        <ColumnReference Column="Act1078" />
                      </OutputList>
                      <MemoryFractions Input="1" Output="1" />
                      <Sort Distinct="false">
                        <OrderBy>
                          <OrderByColumn Ascending="true">
                            <ColumnReference Database="[wDemoWilliams]" Schema="[dbo]" Table="[CartasDePorte]" Column="IdCartaDePorte" />
                          </OrderByColumn>
                          <OrderByColumn Ascending="true">
                            <ColumnReference Database="[wDemoWilliams]" Schema="[dbo]" Table="[CartasDePorte]" Column="AgrupadorDeTandaPeriodos" />
                          </OrderByColumn>
                          <OrderByColumn Ascending="true">
                            <ColumnReference Column="Act1078" />
                          </OrderByColumn>
                        </OrderBy>
                        <RelOp AvgRowSize="19" EstimateCPU="0.0238778" EstimateIO="0" EstimateRebinds="0" EstimateRewinds="0" EstimateRows="62829.6" LogicalOp="Filter" NodeId="5" Parallel="false" PhysicalOp="Filter" EstimatedTotalSubtreeCost="20.9204">
                          <OutputList>
                            <ColumnReference Database="[wDemoWilliams]" Schema="[dbo]" Table="[CartasDePorte]" Column="IdCartaDePorte" />
                            <ColumnReference Database="[wDemoWilliams]" Schema="[dbo]" Table="[CartasDePorte]" Column="AgrupadorDeTandaPeriodos" />
                            <ColumnReference Column="Act1078" />
                          </OutputList>
                          <Filter StartupExpression="false">
                            <RelOp AvgRowSize="20" EstimateCPU="0.0113638" EstimateIO="0.00656429" EstimateRebinds="0" EstimateRewinds="0" EstimateRows="62836.2" LogicalOp="Eager Spool" NodeId="6" Parallel="false" PhysicalOp="Table Spool" EstimatedTotalSubtreeCost="20.8966">
                              <OutputList>
                                <ColumnReference Database="[wDemoWilliams]" Schema="[dbo]" Table="[CartasDePorte]" Column="IdCartaDePorte" />
                                <ColumnReference Database="[wDemoWilliams]" Schema="[dbo]" Table="[CartasDePorte]" Column="AgrupadorDeTandaPeriodos" />
                                <ColumnReference Column="Expr1074" />
                                <ColumnReference Column="Expr1075" />
                                <ColumnReference Column="Act1078" />
                              </OutputList>
                              <Spool>
                                <RelOp AvgRowSize="20" EstimateCPU="0.0471271" EstimateIO="0" EstimateRebinds="0" EstimateRewinds="0" EstimateRows="62836.2" LogicalOp="Split" NodeId="7" Parallel="false" PhysicalOp="Split" EstimatedTotalSubtreeCost="41.7459">
                                  <OutputList>
                                    <ColumnReference Database="[wDemoWilliams]" Schema="[dbo]" Table="[CartasDePorte]" Column="IdCartaDePorte" />
                                    <ColumnReference Database="[wDemoWilliams]" Schema="[dbo]" Table="[CartasDePorte]" Column="AgrupadorDeTandaPeriodos" />
                                    <ColumnReference Column="Expr1074" />
                                    <ColumnReference Column="Expr1075" />
                                    <ColumnReference Column="Act1078" />
                                  </OutputList>
                                  <Split>
                                    <DefinedValues>
                                      <DefinedValue>
                                        <ColumnReference Column="Act1078" />
                                      </DefinedValue>
                                    </DefinedValues>
                                    <ActionColumn>
                                      <ColumnReference Column="Act1078" />
                                    </ActionColumn>
                                    <RelOp AvgRowSize="20" EstimateCPU="0.0314181" EstimateIO="28.0825" EstimateRebinds="0" EstimateRewinds="0" EstimateRows="31418.1" LogicalOp="Update" NodeId="8" Parallel="false" PhysicalOp="Clustered Index Update" EstimatedTotalSubtreeCost="41.6988">
                                      <OutputList>
                                        <ColumnReference Database="[wDemoWilliams]" Schema="[dbo]" Table="[CartasDePorte]" Column="IdCartaDePorte" />
                                        <ColumnReference Database="[wDemoWilliams]" Schema="[dbo]" Table="[CartasDePorte]" Column="AgrupadorDeTandaPeriodos" />
                                        <ColumnReference Column="AgrupadorDeTandaPeriodos_OLD" />
                                        <ColumnReference Column="Expr1074" />
                                        <ColumnReference Column="Expr1075" />
                                      </OutputList>
                                      <Update WithOrderedPrefetch="true" DMLRequestSort="true">
                                        <Object Database="[wDemoWilliams]" Schema="[dbo]" Table="[CartasDePorte]" Index="[PK__CartasDePorte__1DA842F0]" IndexKind="Clustered" />
                                        <SetPredicate>
                                          <ScalarOperator ScalarString="[wDemoWilliams].[dbo].[CartasDePorte].[AgrupadorDeTandaPeriodos] = [Expr1048],[wDemoWilliams].[dbo].[CartasDePorte].[FechaTimeStamp] = [Expr1049]">
                                            <ScalarExpressionList>
                                              <ScalarOperator>
                                                <MultipleAssign>
                                                  <Assign>
                                                    <ColumnReference Database="[wDemoWilliams]" Schema="[dbo]" Table="[CartasDePorte]" Column="AgrupadorDeTandaPeriodos" />
                                                    <ScalarOperator>
                                                      <Identifier>
                                                        <ColumnReference Column="Expr1048" />
                                                      </Identifier>
                                                    </ScalarOperator>
                                                  </Assign>
                                                  <Assign>
                                                    <ColumnReference Database="[wDemoWilliams]" Schema="[dbo]" Table="[CartasDePorte]" Column="FechaTimeStamp" />
                                                    <ScalarOperator>
                                                      <Identifier>
                                                        <ColumnReference Column="Expr1049" />
                                                      </Identifier>
                                                    </ScalarOperator>
                                                  </Assign>
                                                </MultipleAssign>
                                              </ScalarOperator>
                                            </ScalarExpressionList>
                                          </ScalarOperator>
                                        </SetPredicate>
                                        <RelOp AvgRowSize="24" EstimateCPU="0.00314181" EstimateIO="0" EstimateRebinds="0" EstimateRewinds="0" EstimateRows="31418.1" LogicalOp="Compute Scalar" NodeId="9" Parallel="false" PhysicalOp="Compute Scalar" EstimatedTotalSubtreeCost="13.5848">
                                          <OutputList>
                                            <ColumnReference Database="[wDemoWilliams]" Schema="[dbo]" Table="[CartasDePorte]" Alias="[CDP]" Column="IdCartaDePorte" />
                                            <ColumnReference Column="Expr1048" />
                                            <ColumnReference Column="Expr1049" />
                                            <ColumnReference Column="Expr1074" />
                                            <ColumnReference Column="Expr1075" />
                                            <ColumnReference Column="Expr1088" />
                                          </OutputList>
                                          <ComputeScalar>
                                            <DefinedValues>
                                              <DefinedValue>
                                                <ColumnReference Column="Expr1074" />
                                                <ScalarOperator ScalarString="[Expr1074]">
                                                  <Identifier>
                                                    <ColumnReference Column="Expr1074" />
                                                  </Identifier>
                                                </ScalarOperator>
                                              </DefinedValue>
                                              <DefinedValue>
                                                <ColumnReference Column="Expr1075" />
                                                <ScalarOperator ScalarString="[Expr1075]">
                                                  <Identifier>
                                                    <ColumnReference Column="Expr1075" />
                                                  </Identifier>
                                                </ScalarOperator>
                                              </DefinedValue>
                                            </DefinedValues>
                                            <RelOp AvgRowSize="24" EstimateCPU="0.00314181" EstimateIO="0" EstimateRebinds="0" EstimateRewinds="0" EstimateRows="31418.1" LogicalOp="Compute Scalar" NodeId="11" Parallel="false" PhysicalOp="Compute Scalar" EstimatedTotalSubtreeCost="13.5848">
                                              <OutputList>
                                                <ColumnReference Database="[wDemoWilliams]" Schema="[dbo]" Table="[CartasDePorte]" Alias="[CDP]" Column="IdCartaDePorte" />
                                                <ColumnReference Column="Expr1048" />
                                                <ColumnReference Column="Expr1049" />
                                                <ColumnReference Column="Expr1074" />
                                                <ColumnReference Column="Expr1075" />
                                              </OutputList>
                                              <ComputeScalar>
                                                <DefinedValues>
                                                  <DefinedValue>
                                                    <ColumnReference Column="Expr1074" />
                                                    <ScalarOperator ScalarString="CASE WHEN [Expr1053] THEN (1) ELSE (0) END">
                                                      <IF>
                                                        <Condition>
                                                          <ScalarOperator>
                                                            <Identifier>
                                                              <ColumnReference Column="Expr1053" />
                                                            </Identifier>
                                                          </ScalarOperator>
                                                        </Condition>
                                                        <Then>
                                                          <ScalarOperator>
                                                            <Const ConstValue="(1)" />
                                                          </ScalarOperator>
                                                        </Then>
                                                        <Else>
                                                          <ScalarOperator>
                                                            <Const ConstValue="(0)" />
                                                          </ScalarOperator>
                                                        </Else>
                                                      </IF>
                                                    </ScalarOperator>
                                                  </DefinedValue>
                                                  <DefinedValue>
                                                    <ColumnReference Column="Expr1075" />
                                                    <ScalarOperator ScalarString="CASE WHEN [Expr1053] THEN (1) ELSE (0) END">
                                                      <IF>
                                                        <Condition>
                                                          <ScalarOperator>
                                                            <Identifier>
                                                              <ColumnReference Column="Expr1053" />
                                                            </Identifier>
                                                          </ScalarOperator>
                                                        </Condition>
                                                        <Then>
                                                          <ScalarOperator>
                                                            <Const ConstValue="(1)" />
                                                          </ScalarOperator>
                                                        </Then>
                                                        <Else>
                                                          <ScalarOperator>
                                                            <Const ConstValue="(0)" />
                                                          </ScalarOperator>
                                                        </Else>
                                                      </IF>
                                                    </ScalarOperator>
                                                  </DefinedValue>
                                                </DefinedValues>
                                                <RelOp AvgRowSize="24" EstimateCPU="0.00314181" EstimateIO="0" EstimateRebinds="0" EstimateRewinds="0" EstimateRows="31418.1" LogicalOp="Compute Scalar" NodeId="12" Parallel="false" PhysicalOp="Compute Scalar" EstimatedTotalSubtreeCost="13.5817">
                                                  <OutputList>
                                                    <ColumnReference Database="[wDemoWilliams]" Schema="[dbo]" Table="[CartasDePorte]" Alias="[CDP]" Column="IdCartaDePorte" />
                                                    <ColumnReference Column="Expr1048" />
                                                    <ColumnReference Column="Expr1049" />
                                                    <ColumnReference Column="Expr1053" />
                                                  </OutputList>
                                                  <ComputeScalar>
                                                    <DefinedValues>
                                                      <DefinedValue>
                                                        <ColumnReference Column="Expr1048" />
                                                        <ScalarOperator ScalarString="(5123)">
                                                          <Const ConstValue="(5123)" />
                                                        </ScalarOperator>
                                                      </DefinedValue>
                                                    </DefinedValues>
                                                    <RelOp AvgRowSize="20" EstimateCPU="0.00314181" EstimateIO="0" EstimateRebinds="0" EstimateRewinds="0" EstimateRows="31418.1" LogicalOp="Compute Scalar" NodeId="13" Parallel="false" PhysicalOp="Compute Scalar" EstimatedTotalSubtreeCost="13.5786">
                                                      <OutputList>
                                                        <ColumnReference Database="[wDemoWilliams]" Schema="[dbo]" Table="[CartasDePorte]" Alias="[CDP]" Column="IdCartaDePorte" />
                                                        <ColumnReference Column="Expr1049" />
                                                        <ColumnReference Column="Expr1053" />
                                                      </OutputList>
                                                      <ComputeScalar>
                                                        <DefinedValues>
                                                          <DefinedValue>
                                                            <ColumnReference Column="Expr1049" />
                                                            <ScalarOperator ScalarString="gettimestamp((9))">
                                                              <Intrinsic FunctionName="gettimestamp">
                                                                <ScalarOperator>
                                                                  <Const ConstValue="(9)" />
                                                                </ScalarOperator>
                                                              </Intrinsic>
                                                            </ScalarOperator>
                                                          </DefinedValue>
                                                        </DefinedValues>
                                                        <RelOp AvgRowSize="12" EstimateCPU="0.00314181" EstimateIO="0" EstimateRebinds="0" EstimateRewinds="0" EstimateRows="31418.1" LogicalOp="Top" NodeId="14" Parallel="false" PhysicalOp="Top" EstimatedTotalSubtreeCost="13.5754">
                                                          <OutputList>
                                                            <ColumnReference Database="[wDemoWilliams]" Schema="[dbo]" Table="[CartasDePorte]" Alias="[CDP]" Column="IdCartaDePorte" />
                                                            <ColumnReference Column="Expr1053" />
                                                          </OutputList>
                                                          <Top RowCount="true" IsPercent="false" WithTies="false">
                                                            <TopExpression>
                                                              <ScalarOperator ScalarString="(0)">
                                                                <Const ConstValue="(0)" />
                                                              </ScalarOperator>
                                                            </TopExpression>
                                                            <RelOp AvgRowSize="12" EstimateCPU="0.223693" EstimateIO="0" EstimateRebinds="0" EstimateRewinds="0" EstimateRows="31418.1" LogicalOp="Gather Streams" NodeId="15" Parallel="true" PhysicalOp="Parallelism" EstimatedTotalSubtreeCost="13.5723">
                                                              <OutputList>
                                                                <ColumnReference Database="[wDemoWilliams]" Schema="[dbo]" Table="[CartasDePorte]" Alias="[CDP]" Column="IdCartaDePorte" />
                                                                <ColumnReference Column="Expr1053" />
                                                              </OutputList>
                                                              <Parallelism>
                                                                <OrderBy>
                                                                  <OrderByColumn Ascending="true">
                                                                    <ColumnReference Database="[wDemoWilliams]" Schema="[dbo]" Table="[CartasDePorte]" Alias="[CDP]" Column="IdCartaDePorte" />
                                                                  </OrderByColumn>
                                                                </OrderBy>
                                                                <RelOp AvgRowSize="12" EstimateCPU="1.07724" EstimateIO="0.00563063" EstimateRebinds="0" EstimateRewinds="0" EstimateRows="31418.1" LogicalOp="Sort" NodeId="16" Parallel="true" PhysicalOp="Sort" EstimatedTotalSubtreeCost="13.3486">
                                                                  <OutputList>
                                                                    <ColumnReference Database="[wDemoWilliams]" Schema="[dbo]" Table="[CartasDePorte]" Alias="[CDP]" Column="IdCartaDePorte" />
                                                                    <ColumnReference Column="Expr1053" />
                                                                  </OutputList>
                                                                  <MemoryFractions Input="0.172208" Output="1" />
                                                                  <Sort Distinct="false">
                                                                    <OrderBy>
                                                                      <OrderByColumn Ascending="true">
                                                                        <ColumnReference Database="[wDemoWilliams]" Schema="[dbo]" Table="[CartasDePorte]" Alias="[CDP]" Column="IdCartaDePorte" />
                                                                      </OrderByColumn>
                                                                    </OrderBy>
                                                                    <RelOp AvgRowSize="12" EstimateCPU="0.0015709" EstimateIO="0" EstimateRebinds="0" EstimateRewinds="0" EstimateRows="31418.1" LogicalOp="Compute Scalar" NodeId="17" Parallel="true" PhysicalOp="Compute Scalar" EstimatedTotalSubtreeCost="12.2657">
                                                                      <OutputList>
                                                                        <ColumnReference Database="[wDemoWilliams]" Schema="[dbo]" Table="[CartasDePorte]" Alias="[CDP]" Column="IdCartaDePorte" />
                                                                        <ColumnReference Column="Expr1053" />
                                                                      </OutputList>
                                                                      <ComputeScalar>
                                                                        <DefinedValues>
                                                                          <DefinedValue>
                                                                            <ColumnReference Column="Expr1053" />
                                                                            <ScalarOperator ScalarString="CASE WHEN [wDemoWilliams].[dbo].[CartasDePorte].[AgrupadorDeTandaPeriodos] as [CDP].[AgrupadorDeTandaPeriodos] = (5123) THEN (1) ELSE (0) END">
                                                                              <IF>
                                                                                <Condition>
                                                                                  <ScalarOperator>
                                                                                    <Compare CompareOp="BINARY IS">
                                                                                      <ScalarOperator>
                                                                                        <Identifier>
                                                                                          <ColumnReference Database="[wDemoWilliams]" Schema="[dbo]" Table="[CartasDePorte]" Alias="[CDP]" Column="AgrupadorDeTandaPeriodos" />
                                                                                        </Identifier>
                                                                                      </ScalarOperator>
                                                                                      <ScalarOperator>
                                                                                        <Const ConstValue="(5123)" />
                                                                                      </ScalarOperator>
                                                                                    </Compare>
                                                                                  </ScalarOperator>
                                                                                </Condition>
                                                                                <Then>
                                                                                  <ScalarOperator>
                                                                                    <Const ConstValue="(1)" />
                                                                                  </ScalarOperator>
                                                                                </Then>
                                                                                <Else>
                                                                                  <ScalarOperator>
                                                                                    <Const ConstValue="(0)" />
                                                                                  </ScalarOperator>
                                                                                </Else>
                                                                              </IF>
                                                                            </ScalarOperator>
                                                                          </DefinedValue>
                                                                        </DefinedValues>
                                                                        <RelOp AvgRowSize="15" EstimateCPU="1.79233" EstimateIO="0" EstimateRebinds="0" EstimateRewinds="0" EstimateRows="31418.1" LogicalOp="Inner Join" NodeId="19" Parallel="true" PhysicalOp="Hash Match" EstimatedTotalSubtreeCost="12.2641">
                                                                          <OutputList>
                                                                            <ColumnReference Database="[wDemoWilliams]" Schema="[dbo]" Table="[CartasDePorte]" Alias="[CDP]" Column="IdCartaDePorte" />
                                                                            <ColumnReference Database="[wDemoWilliams]" Schema="[dbo]" Table="[CartasDePorte]" Alias="[CDP]" Column="AgrupadorDeTandaPeriodos" />
                                                                          </OutputList>
                                                                          <MemoryFractions Input="1" Output="0.827792" />
                                                                          <Hash>
                                                                            <DefinedValues />
                                                                            <HashKeysBuild>
                                                                              <ColumnReference Database="[wDemoWilliams]" Schema="[dbo]" Table="[CartasDePorte]" Alias="[CDP]" Column="IdCartaDePorte" />
                                                                            </HashKeysBuild>
                                                                            <HashKeysProbe>
                                                                              <ColumnReference Database="[wDemoWilliams]" Schema="[dbo]" Table="[CartasDePorte]" Alias="[CDP]" Column="IdCartaDePorte" />
                                                                            </HashKeysProbe>
                                                                            <RelOp AvgRowSize="11" EstimateCPU="0.0661428" EstimateIO="0" EstimateRebinds="0" EstimateRewinds="0" EstimateRows="31418.1" LogicalOp="Bitmap Create" NodeId="20" Parallel="true" PhysicalOp="Bitmap" EstimatedTotalSubtreeCost="7.70698">
                                                                              <OutputList>
                                                                                <ColumnReference Database="[wDemoWilliams]" Schema="[dbo]" Table="[CartasDePorte]" Alias="[CDP]" Column="IdCartaDePorte" />
                                                                              </OutputList>
                                                                              <Bitmap>
                                                                                <DefinedValues>
                                                                                  <DefinedValue>
                                                                                    <ColumnReference Column="Bitmap1087" />
                                                                                  </DefinedValue>
                                                                                </DefinedValues>
                                                                                <HashKeys>
                                                                                  <ColumnReference Database="[wDemoWilliams]" Schema="[dbo]" Table="[CartasDePorte]" Alias="[CDP]" Column="IdCartaDePorte" />
                                                                                </HashKeys>
                                                                                <RelOp AvgRowSize="11" EstimateCPU="0.0661428" EstimateIO="0" EstimateRebinds="0" EstimateRewinds="0" EstimateRows="31418.1" LogicalOp="Repartition Streams" NodeId="21" Parallel="true" PhysicalOp="Parallelism" EstimatedTotalSubtreeCost="7.70698">
                                                                                  <OutputList>
                                                                                    <ColumnReference Database="[wDemoWilliams]" Schema="[dbo]" Table="[CartasDePorte]" Alias="[CDP]" Column="IdCartaDePorte" />
                                                                                  </OutputList>
                                                                                  <Parallelism PartitioningType="Hash">
                                                                                    <PartitionColumns>
                                                                                      <ColumnReference Database="[wDemoWilliams]" Schema="[dbo]" Table="[CartasDePorte]" Alias="[CDP]" Column="IdCartaDePorte" />
                                                                                    </PartitionColumns>
                                                                                    <RelOp AvgRowSize="62" EstimateCPU="0.384142" EstimateIO="5.51794" EstimateRebinds="0" EstimateRewinds="0" EstimateRows="31418.1" LogicalOp="Index Scan" NodeId="22" Parallel="true" PhysicalOp="Index Scan" EstimatedTotalSubtreeCost="5.90208" TableCardinality="698297">
                                                                                      <OutputList>
                                                                                        <ColumnReference Database="[wDemoWilliams]" Schema="[dbo]" Table="[CartasDePorte]" Alias="[CDP]" Column="IdCartaDePorte" />
                                                                                      </OutputList>
                                                                                      <IndexScan Ordered="true" ScanDirection="FORWARD" ForcedIndex="false" ForceSeek="false" NoExpandHint="false">
                                                                                        <DefinedValues>
                                                                                          <DefinedValue>
                                                                                            <ColumnReference Database="[wDemoWilliams]" Schema="[dbo]" Table="[CartasDePorte]" Alias="[CDP]" Column="IdCartaDePorte" />
                                                                                          </DefinedValue>
                                                                                        </DefinedValues>
                                                                                        <Object Database="[wDemoWilliams]" Schema="[dbo]" Table="[CartasDePorte]" Index="[IDX_CartasDePorte_SelectDinamico]" Alias="[CDP]" IndexKind="NonClustered" />
                                                                                        <Predicate>
                                                                                          <ScalarOperator ScalarString="[wDemoWilliams].[dbo].[CartasDePorte].[Vendedor] as [CDP].[Vendedor] IS NOT NULL AND [wDemoWilliams].[dbo].[CartasDePorte].[Corredor] as [CDP].[Corredor] IS NOT NULL AND [wDemoWilliams].[dbo].[CartasDePorte].[Entregador] as [CDP].[Entregador] IS NOT NULL AND [wDemoWilliams].[dbo].[CartasDePorte].[IdArticulo] as [CDP].[IdArticulo] IS NOT NULL AND isnull([wDemoWilliams].[dbo].[CartasDePorte].[NetoProc] as [CDP].[NetoProc],(0.00))&gt;(0.00) AND isnull([wDemoWilliams].[dbo].[CartasDePorte].[SubnumeroDeFacturacion] as [CDP].[SubnumeroDeFacturacion],(0))&lt;=(0) AND isnull(isnull([wDemoWilliams].[dbo].[CartasDePorte].[FechaDescarga] as [CDP].[FechaDescarga],[wDemoWilliams].[dbo].[CartasDePorte].[FechaArribo] as [CDP].[FechaArribo]),'1753-01-01 00:00:00.000')&gt;='2013-01-01 00:00:00.000' AND isnull(isnull([wDemoWilliams].[dbo].[CartasDePorte].[FechaDescarga] as [CDP].[FechaDescarga],[wDemoWilliams].[dbo].[CartasDePorte].[FechaArribo] as [CDP].[FechaArribo]),'1753-01-01 00:00:00.000')&lt;='2013-05-30 00:00:00.000' AND (isnull([wDemoWilliams].[dbo].[CartasDePorte].[Anulada] as [CDP].[Anulada],'NO')&lt;'SI' OR isnull([wDemoWilliams].[dbo].[CartasDePorte].[Anulada] as [CDP].[Anulada],'NO')&gt;'SI')">
                                                                                            <Logical Operation="AND">
                                                                                              <ScalarOperator>
                                                                                                <Compare CompareOp="IS NOT">
                                                                                                  <ScalarOperator>
                                                                                                    <Identifier>
                                                                                                      <ColumnReference Database="[wDemoWilliams]" Schema="[dbo]" Table="[CartasDePorte]" Alias="[CDP]" Column="Vendedor" />
                                                                                                    </Identifier>
                                                                                                  </ScalarOperator>
                                                                                                  <ScalarOperator>
                                                                                                    <Const ConstValue="NULL" />
                                                                                                  </ScalarOperator>
                                                                                                </Compare>
                                                                                              </ScalarOperator>
                                                                                              <ScalarOperator>
                                                                                                <Compare CompareOp="IS NOT">
                                                                                                  <ScalarOperator>
                                                                                                    <Identifier>
                                                                                                      <ColumnReference Database="[wDemoWilliams]" Schema="[dbo]" Table="[CartasDePorte]" Alias="[CDP]" Column="Corredor" />
                                                                                                    </Identifier>
                                                                                                  </ScalarOperator>
                                                                                                  <ScalarOperator>
                                                                                                    <Const ConstValue="NULL" />
                                                                                                  </ScalarOperator>
                                                                                                </Compare>
                                                                                              </ScalarOperator>
                                                                                              <ScalarOperator>
                                                                                                <Compare CompareOp="IS NOT">
                                                                                                  <ScalarOperator>
                                                                                                    <Identifier>
                                                                                                      <ColumnReference Database="[wDemoWilliams]" Schema="[dbo]" Table="[CartasDePorte]" Alias="[CDP]" Column="Entregador" />
                                                                                                    </Identifier>
                                                                                                  </ScalarOperator>
                                                                                                  <ScalarOperator>
                                                                                                    <Const ConstValue="NULL" />
                                                                                                  </ScalarOperator>
                                                                                                </Compare>
                                                                                              </ScalarOperator>
                                                                                              <ScalarOperator>
                                                                                                <Compare CompareOp="IS NOT">
                                                                                                  <ScalarOperator>
                                                                                                    <Identifier>
                                                                                                      <ColumnReference Database="[wDemoWilliams]" Schema="[dbo]" Table="[CartasDePorte]" Alias="[CDP]" Column="IdArticulo" />
                                                                                                    </Identifier>
                                                                                                  </ScalarOperator>
                                                                                                  <ScalarOperator>
                                                                                                    <Const ConstValue="NULL" />
                                                                                                  </ScalarOperator>
                                                                                                </Compare>
                                                                                              </ScalarOperator>
                                                                                              <ScalarOperator>
                                                                                                <Compare CompareOp="GT">
                                                                                                  <ScalarOperator>
                                                                                                    <Intrinsic FunctionName="isnull">
                                                                                                      <ScalarOperator>
                                                                                                        <Identifier>
                                                                                                          <ColumnReference Database="[wDemoWilliams]" Schema="[dbo]" Table="[CartasDePorte]" Alias="[CDP]" Column="NetoProc" />
                                                                                                        </Identifier>
                                                                                                      </ScalarOperator>
                                                                                                      <ScalarOperator>
                                                                                                        <Const ConstValue="(0.00)" />
                                                                                                      </ScalarOperator>
                                                                                                    </Intrinsic>
                                                                                                  </ScalarOperator>
                                                                                                  <ScalarOperator>
                                                                                                    <Const ConstValue="(0.00)" />
                                                                                                  </ScalarOperator>
                                                                                                </Compare>
                                                                                              </ScalarOperator>
                                                                                              <ScalarOperator>
                                                                                                <Compare CompareOp="LE">
                                                                                                  <ScalarOperator>
                                                                                                    <Intrinsic FunctionName="isnull">
                                                                                                      <ScalarOperator>
                                                                                                        <Identifier>
                                                                                                          <ColumnReference Database="[wDemoWilliams]" Schema="[dbo]" Table="[CartasDePorte]" Alias="[CDP]" Column="SubnumeroDeFacturacion" />
                                                                                                        </Identifier>
                                                                                                      </ScalarOperator>
                                                                                                      <ScalarOperator>
                                                                                                        <Const ConstValue="(0)" />
                                                                                                      </ScalarOperator>
                                                                                                    </Intrinsic>
                                                                                                  </ScalarOperator>
                                                                                                  <ScalarOperator>
                                                                                                    <Const ConstValue="(0)" />
                                                                                                  </ScalarOperator>
                                                                                                </Compare>
                                                                                              </ScalarOperator>
                                                                                              <ScalarOperator>
                                                                                                <Compare CompareOp="GE">
                                                                                                  <ScalarOperator>
                                                                                                    <Intrinsic FunctionName="isnull">
                                                                                                      <ScalarOperator>
                                                                                                        <Intrinsic FunctionName="isnull">
                                                                                                          <ScalarOperator>
                                                                                                            <Identifier>
                                                                                                              <ColumnReference Database="[wDemoWilliams]" Schema="[dbo]" Table="[CartasDePorte]" Alias="[CDP]" Column="FechaDescarga" />
                                                                                                            </Identifier>
                                                                                                          </ScalarOperator>
                                                                                                          <ScalarOperator>
                                                                                                            <Identifier>
                                                                                                              <ColumnReference Database="[wDemoWilliams]" Schema="[dbo]" Table="[CartasDePorte]" Alias="[CDP]" Column="FechaArribo" />
                                                                                                            </Identifier>
                                                                                                          </ScalarOperator>
                                                                                                        </Intrinsic>
                                                                                                      </ScalarOperator>
                                                                                                      <ScalarOperator>
                                                                                                        <Const ConstValue="'1753-01-01 00:00:00.000'" />
                                                                                                      </ScalarOperator>
                                                                                                    </Intrinsic>
                                                                                                  </ScalarOperator>
                                                                                                  <ScalarOperator>
                                                                                                    <Const ConstValue="'2013-01-01 00:00:00.000'" />
                                                                                                  </ScalarOperator>
                                                                                                </Compare>
                                                                                              </ScalarOperator>
                                                                                              <ScalarOperator>
                                                                                                <Compare CompareOp="LE">
                                                                                                  <ScalarOperator>
                                                                                                    <Intrinsic FunctionName="isnull">
                                                                                                      <ScalarOperator>
                                                                                                        <Intrinsic FunctionName="isnull">
                                                                                                          <ScalarOperator>
                                                                                                            <Identifier>
                                                                                                              <ColumnReference Database="[wDemoWilliams]" Schema="[dbo]" Table="[CartasDePorte]" Alias="[CDP]" Column="FechaDescarga" />
                                                                                                            </Identifier>
                                                                                                          </ScalarOperator>
                                                                                                          <ScalarOperator>
                                                                                                            <Identifier>
                                                                                                              <ColumnReference Database="[wDemoWilliams]" Schema="[dbo]" Table="[CartasDePorte]" Alias="[CDP]" Column="FechaArribo" />
                                                                                                            </Identifier>
                                                                                                          </ScalarOperator>
                                                                                                        </Intrinsic>
                                                                                                      </ScalarOperator>
                                                                                                      <ScalarOperator>
                                                                                                        <Const ConstValue="'1753-01-01 00:00:00.000'" />
                                                                                                      </ScalarOperator>
                                                                                                    </Intrinsic>
                                                                                                  </ScalarOperator>
                                                                                                  <ScalarOperator>
                                                                                                    <Const ConstValue="'2013-05-30 00:00:00.000'" />
                                                                                                  </ScalarOperator>
                                                                                                </Compare>
                                                                                              </ScalarOperator>
                                                                                              <ScalarOperator>
                                                                                                <Logical Operation="OR">
                                                                                                  <ScalarOperator>
                                                                                                    <Compare CompareOp="LT">
                                                                                                      <ScalarOperator>
                                                                                                        <Intrinsic FunctionName="isnull">
                                                                                                          <ScalarOperator>
                                                                                                            <Identifier>
                                                                                                              <ColumnReference Database="[wDemoWilliams]" Schema="[dbo]" Table="[CartasDePorte]" Alias="[CDP]" Column="Anulada" />
                                                                                                            </Identifier>
                                                                                                          </ScalarOperator>
                                                                                                          <ScalarOperator>
                                                                                                            <Const ConstValue="'NO'" />
                                                                                                          </ScalarOperator>
                                                                                                        </Intrinsic>
                                                                                                      </ScalarOperator>
                                                                                                      <ScalarOperator>
                                                                                                        <Const ConstValue="'SI'" />
                                                                                                      </ScalarOperator>
                                                                                                    </Compare>
                                                                                                  </ScalarOperator>
                                                                                                  <ScalarOperator>
                                                                                                    <Compare CompareOp="GT">
                                                                                                      <ScalarOperator>
                                                                                                        <Intrinsic FunctionName="isnull">
                                                                                                          <ScalarOperator>
                                                                                                            <Identifier>
                                                                                                              <ColumnReference Database="[wDemoWilliams]" Schema="[dbo]" Table="[CartasDePorte]" Alias="[CDP]" Column="Anulada" />
                                                                                                            </Identifier>
                                                                                                          </ScalarOperator>
                                                                                                          <ScalarOperator>
                                                                                                            <Const ConstValue="'NO'" />
                                                                                                          </ScalarOperator>
                                                                                                        </Intrinsic>
                                                                                                      </ScalarOperator>
                                                                                                      <ScalarOperator>
                                                                                                        <Const ConstValue="'SI'" />
                                                                                                      </ScalarOperator>
                                                                                                    </Compare>
                                                                                                  </ScalarOperator>
                                                                                                </Logical>
                                                                                              </ScalarOperator>
                                                                                            </Logical>
                                                                                          </ScalarOperator>
                                                                                        </Predicate>
                                                                                      </IndexScan>
                                                                                    </RelOp>
                                                                                  </Parallelism>
                                                                                </RelOp>
                                                                              </Bitmap>
                                                                            </RelOp>
                                                                            <RelOp AvgRowSize="15" EstimateCPU="1.13015" EstimateIO="0" EstimateRebinds="0" EstimateRewinds="0" EstimateRows="698297" LogicalOp="Repartition Streams" NodeId="23" Parallel="true" PhysicalOp="Parallelism" EstimatedTotalSubtreeCost="2.76483">
                                                                              <OutputList>
                                                                                <ColumnReference Database="[wDemoWilliams]" Schema="[dbo]" Table="[CartasDePorte]" Alias="[CDP]" Column="IdCartaDePorte" />
                                                                                <ColumnReference Database="[wDemoWilliams]" Schema="[dbo]" Table="[CartasDePorte]" Alias="[CDP]" Column="AgrupadorDeTandaPeriodos" />
                                                                              </OutputList>
                                                                              <Parallelism PartitioningType="Hash">
                                                                                <PartitionColumns>
                                                                                  <ColumnReference Database="[wDemoWilliams]" Schema="[dbo]" Table="[CartasDePorte]" Alias="[CDP]" Column="IdCartaDePorte" />
                                                                                </PartitionColumns>
                                                                                <RelOp AvgRowSize="15" EstimateCPU="0.384142" EstimateIO="1.25053" EstimateRebinds="0" EstimateRewinds="0" EstimateRows="698297" LogicalOp="Index Scan" NodeId="24" Parallel="true" PhysicalOp="Index Scan" EstimatedTotalSubtreeCost="1.63467" TableCardinality="698297">
                                                                                  <OutputList>
                                                                                    <ColumnReference Database="[wDemoWilliams]" Schema="[dbo]" Table="[CartasDePorte]" Alias="[CDP]" Column="IdCartaDePorte" />
                                                                                    <ColumnReference Database="[wDemoWilliams]" Schema="[dbo]" Table="[CartasDePorte]" Alias="[CDP]" Column="AgrupadorDeTandaPeriodos" />
                                                                                  </OutputList>
                                                                                  <IndexScan Ordered="true" ScanDirection="FORWARD" ForcedIndex="false" ForceSeek="false" NoExpandHint="false">
                                                                                    <DefinedValues>
                                                                                      <DefinedValue>
                                                                                        <ColumnReference Database="[wDemoWilliams]" Schema="[dbo]" Table="[CartasDePorte]" Alias="[CDP]" Column="IdCartaDePorte" />
                                                                                      </DefinedValue>
                                                                                      <DefinedValue>
                                                                                        <ColumnReference Database="[wDemoWilliams]" Schema="[dbo]" Table="[CartasDePorte]" Alias="[CDP]" Column="AgrupadorDeTandaPeriodos" />
                                                                                      </DefinedValue>
                                                                                    </DefinedValues>
                                                                                    <Object Database="[wDemoWilliams]" Schema="[dbo]" Table="[CartasDePorte]" Index="[IDX_cartasdeporte_AgrupadorDeTandaPeriodos3]" Alias="[CDP]" IndexKind="NonClustered" />
                                                                                    <Predicate>
                                                                                      <ScalarOperator ScalarString="PROBE([Bitmap1087],[wDemoWilliams].[dbo].[CartasDePorte].[IdCartaDePorte] as [CDP].[IdCartaDePorte],N'[IN ROW]')">
                                                                                        <Intrinsic FunctionName="PROBE">
                                                                                          <ScalarOperator>
                                                                                            <Identifier>
                                                                                              <ColumnReference Column="Bitmap1087" />
                                                                                            </Identifier>
                                                                                          </ScalarOperator>
                                                                                          <ScalarOperator>
                                                                                            <Identifier>
                                                                                              <ColumnReference Database="[wDemoWilliams]" Schema="[dbo]" Table="[CartasDePorte]" Alias="[CDP]" Column="IdCartaDePorte" />
                                                                                            </Identifier>
                                                                                          </ScalarOperator>
                                                                                          <ScalarOperator>
                                                                                            <Const ConstValue="N'[IN ROW]'" />
                                                                                          </ScalarOperator>
                                                                                        </Intrinsic>
                                                                                      </ScalarOperator>
                                                                                    </Predicate>
                                                                                  </IndexScan>
                                                                                </RelOp>
                                                                              </Parallelism>
                                                                            </RelOp>
                                                                          </Hash>
                                                                        </RelOp>
                                                                      </ComputeScalar>
                                                                    </RelOp>
                                                                  </Sort>
                                                                </RelOp>
                                                              </Parallelism>
                                                            </RelOp>
                                                          </Top>
                                                        </RelOp>
                                                      </ComputeScalar>
                                                    </RelOp>
                                                  </ComputeScalar>
                                                </RelOp>
                                              </ComputeScalar>
                                            </RelOp>
                                          </ComputeScalar>
                                        </RelOp>
                                      </Update>
                                    </RelOp>
                                  </Split>
                                </RelOp>
                              </Spool>
                            </RelOp>
                            <Predicate>
                              <ScalarOperator ScalarString="NOT [Expr1074]">
                                <Logical Operation="NOT">
                                  <ScalarOperator>
                                    <Identifier>
                                      <ColumnReference Column="Expr1074" />
                                    </Identifier>
                                  </ScalarOperator>
                                </Logical>
                              </ScalarOperator>
                            </Predicate>
                          </Filter>
                        </RelOp>
                      </Sort>
                    </RelOp>
                  </Update>
                </RelOp>
                <RelOp AvgRowSize="9" EstimateCPU="0.0628296" EstimateIO="1.02763" EstimateRebinds="0" EstimateRewinds="0" EstimateRows="62829.6" LogicalOp="Update" NodeId="52" Parallel="false" PhysicalOp="Index Update" EstimatedTotalSubtreeCost="26.6189">
                  <OutputList />
                  <Update WithOrderedPrefetch="true" DMLRequestSort="true">
                    <Object Database="[wDemoWilliams]" Schema="[dbo]" Table="[CartasDePorte]" Index="[IDX_cartasdeporte_AgrupadorDeTandaPeriodos3]" IndexKind="NonClustered" />
                    <SetPredicate>
                      <ScalarOperator ScalarString="[IdCartaDePorte1081] = [wDemoWilliams].[dbo].[CartasDePorte].[IdCartaDePorte],[AgrupadorDeTandaPeriodos1082] = [wDemoWilliams].[dbo].[CartasDePorte].[AgrupadorDeTandaPeriodos]">
                        <ScalarExpressionList>
                          <ScalarOperator>
                            <MultipleAssign>
                              <Assign>
                                <ColumnReference Column="IdCartaDePorte1081" />
                                <ScalarOperator>
                                  <Identifier>
                                    <ColumnReference Database="[wDemoWilliams]" Schema="[dbo]" Table="[CartasDePorte]" Column="IdCartaDePorte" />
                                  </Identifier>
                                </ScalarOperator>
                              </Assign>
                              <Assign>
                                <ColumnReference Column="AgrupadorDeTandaPeriodos1082" />
                                <ScalarOperator>
                                  <Identifier>
                                    <ColumnReference Database="[wDemoWilliams]" Schema="[dbo]" Table="[CartasDePorte]" Column="AgrupadorDeTandaPeriodos" />
                                  </Identifier>
                                </ScalarOperator>
                              </Assign>
                            </MultipleAssign>
                          </ScalarOperator>
                        </ScalarExpressionList>
                      </ScalarOperator>
                    </SetPredicate>
                    <ActionColumn>
                      <ColumnReference Column="Act1078" />
                    </ActionColumn>
                    <RelOp AvgRowSize="19" EstimateCPU="4.59676" EstimateIO="0.0112613" EstimateRebinds="0" EstimateRewinds="0" EstimateRows="62829.6" LogicalOp="Sort" NodeId="54" Parallel="false" PhysicalOp="Sort" EstimatedTotalSubtreeCost="25.5285">
                      <OutputList>
                        <ColumnReference Database="[wDemoWilliams]" Schema="[dbo]" Table="[CartasDePorte]" Column="IdCartaDePorte" />
                        <ColumnReference Database="[wDemoWilliams]" Schema="[dbo]" Table="[CartasDePorte]" Column="AgrupadorDeTandaPeriodos" />
                        <ColumnReference Column="Act1078" />
                      </OutputList>
                      <MemoryFractions Input="1" Output="1" />
                      <Sort Distinct="false">
                        <OrderBy>
                          <OrderByColumn Ascending="true">
                            <ColumnReference Database="[wDemoWilliams]" Schema="[dbo]" Table="[CartasDePorte]" Column="AgrupadorDeTandaPeriodos" />
                          </OrderByColumn>
                          <OrderByColumn Ascending="true">
                            <ColumnReference Database="[wDemoWilliams]" Schema="[dbo]" Table="[CartasDePorte]" Column="IdCartaDePorte" />
                          </OrderByColumn>
                          <OrderByColumn Ascending="true">
                            <ColumnReference Column="Act1078" />
                          </OrderByColumn>
                        </OrderBy>
                        <RelOp AvgRowSize="19" EstimateCPU="0.0238778" EstimateIO="0" EstimateRebinds="0" EstimateRewinds="0" EstimateRows="62829.6" LogicalOp="Filter" NodeId="55" Parallel="false" PhysicalOp="Filter" EstimatedTotalSubtreeCost="20.9204">
                          <OutputList>
                            <ColumnReference Database="[wDemoWilliams]" Schema="[dbo]" Table="[CartasDePorte]" Column="IdCartaDePorte" />
                            <ColumnReference Database="[wDemoWilliams]" Schema="[dbo]" Table="[CartasDePorte]" Column="AgrupadorDeTandaPeriodos" />
                            <ColumnReference Column="Act1078" />
                          </OutputList>
                          <Filter StartupExpression="false">
                            <RelOp AvgRowSize="20" EstimateCPU="0.0113638" EstimateIO="0.00656429" EstimateRebinds="0" EstimateRewinds="0" EstimateRows="62836.2" LogicalOp="Eager Spool" NodeId="56" Parallel="false" PhysicalOp="Table Spool" EstimatedTotalSubtreeCost="20.8966">
                              <OutputList>
                                <ColumnReference Database="[wDemoWilliams]" Schema="[dbo]" Table="[CartasDePorte]" Column="IdCartaDePorte" />
                                <ColumnReference Database="[wDemoWilliams]" Schema="[dbo]" Table="[CartasDePorte]" Column="AgrupadorDeTandaPeriodos" />
                                <ColumnReference Column="Expr1074" />
                                <ColumnReference Column="Expr1075" />
                                <ColumnReference Column="Act1078" />
                              </OutputList>
                              <Spool PrimaryNodeId="6" />
                            </RelOp>
                            <Predicate>
                              <ScalarOperator ScalarString="NOT [Expr1075]">
                                <Logical Operation="NOT">
                                  <ScalarOperator>
                                    <Identifier>
                                      <ColumnReference Column="Expr1075" />
                                    </Identifier>
                                  </ScalarOperator>
                                </Logical>
                              </ScalarOperator>
                            </Predicate>
                          </Filter>
                        </RelOp>
                      </Sort>
                    </RelOp>
                  </Update>
                </RelOp>
              </Sequence>
            </RelOp>
          </QueryPlan>
        </StmtSimple>
      </Statements>
    </Batch>
  </BatchSequence>
</ShowPlanXML>